<?xml version="1.0" encoding="utf-8"?><testsuites name="pytest tests"><testsuite name="pytest" errors="0" failures="0" skipped="0" tests="6" time="0.047" timestamp="2026-07-15T08:24:25.927550+00:00" hostname="jupyter-infwca267"><testcase classname="output.calculator.20260715-075830.test.test_us-001" name="test_empty_display_and_number_buttons" time="0.004" /><testcase classname="output.calculator.20260715-075830.test.test_us-001" name="test_realtime_update_and_max_digits" time="0.001" /><testcase classname="output.calculator.20260715-075830.test.test_us-002" name="test_operator_buttons_visible_and_clickable" time="0.001" /><testcase classname="output.calculator.20260715-075830.test.test_us-002" name="test_operator_selection_stores_without_execution_and_display_updates" time="0.001" /><testcase classname="output.calculator.20260715-075830.test.test_us-003" name="test_equals_calculation_and_state_clearing" time="0.001" /><testcase classname="output.calculator.20260715-075830.test.test_us-003" name="test_division_by_zero_error_handling" time="0.001" /></testsuite></testsuites>