<?xml version="1.0" encoding="utf-8"?><testsuites name="pytest tests"><testsuite name="pytest" errors="0" failures="0" skipped="0" tests="5" time="0.047" timestamp="2026-07-15T13:46:43.495852+00:00" hostname="jupyter-infwca267"><testcase classname="output.calculator.20260715-130803.test.test_us-001" name="test_ui_structure" time="0.003" /><testcase classname="output.calculator.20260715-130803.test.test_us-001" name="test_calculate_and_error_handling" time="0.004" /><testcase classname="output.calculator.20260715-130803.test.test_us-002" name="test_division_option_and_by_zero" time="0.002" /><testcase classname="output.calculator.20260715-130803.test.test_us-002" name="test_invalid_input_validation" time="0.001" /><testcase classname="output.calculator.20260715-130803.test.test_us-003" name="test_clear_button_and_behavior" time="0.001" /></testsuite></testsuites>